INFO: processing EPUB file 9780472125715.epub
ERROR: UMP EPUB not found for 9780472125715.epub
INFO: processing EPUB file 9780472127078.epub
ERROR: UMP EPUB not found for 9780472127078.epub
INFO: processing EPUB file 9780472127313.epub
ERROR: UMP EPUB not found for 9780472127313.epub
INFO: processing EPUB file 9780472128730.epub
INFO: Using UMP EPUB s:/Information Management/Fulcrum/Fulcrum_Synced/UMP/9780472128730_Adebanwi/9780472128730.epub for 9780472128730.epub
INFO: UMP EPUB s:/Information Management/Fulcrum/Fulcrum_Synced/UMP/9780472128730_Adebanwi/9780472128730.epub archived 9780472128730_version4.epub.
INFO: UMP EPUB s:/Information Management/Fulcrum/Fulcrum_Synced/UMP/9780472128730_Adebanwi/9780472128730.epub updated.
INFO: processing EPUB file 9780472128822.epub
INFO: Using UMP EPUB s:/Information Management/Fulcrum/Fulcrum_Synced/UMP/9780472128822_Park_Yong/9780472128822.epub for 9780472128822.epub
INFO: UMP EPUB s:/Information Management/Fulcrum/Fulcrum_Synced/UMP/9780472128822_Park_Yong/9780472128822.epub archived 9780472128822_version4.epub.
INFO: UMP EPUB s:/Information Management/Fulcrum/Fulcrum_Synced/UMP/9780472128822_Park_Yong/9780472128822.epub updated.
INFO: processing EPUB file 9780472129768.epub
INFO: Using UMP EPUB s:/Information Management/Fulcrum/Fulcrum_Synced/UMP/9780472129768_Piccitto/9780472129768.epub for 9780472129768.epub
INFO: UMP EPUB s:/Information Management/Fulcrum/Fulcrum_Synced/UMP/9780472129768_Piccitto/9780472129768.epub archived 9780472129768_version2.epub.
INFO: UMP EPUB s:/Information Management/Fulcrum/Fulcrum_Synced/UMP/9780472129768_Piccitto/9780472129768.epub updated.
INFO: processing EPUB file 9780472129874.epub
INFO: Using UMP EPUB s:/Information Management/Fulcrum/Fulcrum_Synced/UMP/9780472129874_Sohn/9780472129874.epub for 9780472129874.epub
INFO: UMP EPUB s:/Information Management/Fulcrum/Fulcrum_Synced/UMP/9780472129874_Sohn/9780472129874.epub archived 9780472129874_version3.epub.
INFO: UMP EPUB s:/Information Management/Fulcrum/Fulcrum_Synced/UMP/9780472129874_Sohn/9780472129874.epub updated.
INFO: processing EPUB file 9780472129881.epub
INFO: Using UMP EPUB s:/Information Management/Fulcrum/Fulcrum_Synced/UMP/9780472129881_Verma/9780472129881.epub for 9780472129881.epub
INFO: UMP EPUB s:/Information Management/Fulcrum/Fulcrum_Synced/UMP/9780472129881_Verma/9780472129881.epub archived 9780472129881_version3.epub.
INFO: UMP EPUB s:/Information Management/Fulcrum/Fulcrum_Synced/UMP/9780472129881_Verma/9780472129881.epub updated.
INFO: processing EPUB file 9780472220021.epub
INFO: Using UMP EPUB s:/Information Management/Fulcrum/Fulcrum_Synced/UMP/9780472220021_Roman_Edgecomb/9780472220021.epub for 9780472220021.epub
INFO: UMP EPUB s:/Information Management/Fulcrum/Fulcrum_Synced/UMP/9780472220021_Roman_Edgecomb/9780472220021.epub archived 9780472220021_version2.epub.
INFO: UMP EPUB s:/Information Management/Fulcrum/Fulcrum_Synced/UMP/9780472220021_Roman_Edgecomb/9780472220021.epub updated.
INFO: processing EPUB file 9780472220113.epub
INFO: Using UMP EPUB s:/Information Management/Fulcrum/Fulcrum_Synced/UMP/9780472220113_German/9780472220113.epub for 9780472220113.epub
INFO: UMP EPUB s:/Information Management/Fulcrum/Fulcrum_Synced/UMP/9780472220113_German/9780472220113.epub archived 9780472220113_version3.epub.
INFO: UMP EPUB s:/Information Management/Fulcrum/Fulcrum_Synced/UMP/9780472220113_German/9780472220113.epub updated.
INFO: processing EPUB file 9780472220397.epub
INFO: Using UMP EPUB s:/Information Management/Fulcrum/Fulcrum_Synced/UMP/9780472220397_Yeh/9780472220397.epub for 9780472220397.epub
INFO: UMP EPUB s:/Information Management/Fulcrum/Fulcrum_Synced/UMP/9780472220397_Yeh/9780472220397.epub archived 9780472220397_version2.epub.
INFO: UMP EPUB s:/Information Management/Fulcrum/Fulcrum_Synced/UMP/9780472220397_Yeh/9780472220397.epub updated.
INFO: processing EPUB file 9780472220403.epub
INFO: Using UMP EPUB s:/Information Management/Fulcrum/Fulcrum_Synced/UMP/9780472220403_Murray/9780472220403.epub for 9780472220403.epub
INFO: UMP EPUB s:/Information Management/Fulcrum/Fulcrum_Synced/UMP/9780472220403_Murray/9780472220403.epub archived 9780472220403_version3.epub.
INFO: UMP EPUB s:/Information Management/Fulcrum/Fulcrum_Synced/UMP/9780472220403_Murray/9780472220403.epub updated.
INFO: processing EPUB file 9780472220427.epub
INFO: Using UMP EPUB s:/Information Management/Fulcrum/Fulcrum_Synced/UMP/9780472220427_Hunt/9780472220427.epub for 9780472220427.epub
INFO: UMP EPUB s:/Information Management/Fulcrum/Fulcrum_Synced/UMP/9780472220427_Hunt/9780472220427.epub archived 9780472220427_version3.epub.
INFO: UMP EPUB s:/Information Management/Fulcrum/Fulcrum_Synced/UMP/9780472220427_Hunt/9780472220427.epub updated.
INFO: processing EPUB file 9780472220571.epub
INFO: Using UMP EPUB s:/Information Management/Fulcrum/Fulcrum_Synced/UMP/9780472220571_Pugach/9780472220571.epub for 9780472220571.epub
INFO: UMP EPUB s:/Information Management/Fulcrum/Fulcrum_Synced/UMP/9780472220571_Pugach/9780472220571.epub archived 9780472220571_version2.epub.
INFO: UMP EPUB s:/Information Management/Fulcrum/Fulcrum_Synced/UMP/9780472220571_Pugach/9780472220571.epub updated.
INFO: processing EPUB file 9780472220595.epub
INFO: Using UMP EPUB s:/Information Management/Fulcrum/Fulcrum_Synced/UMP/9780472220595_Hazan/9780472220595.epub for 9780472220595.epub
INFO: UMP EPUB s:/Information Management/Fulcrum/Fulcrum_Synced/UMP/9780472220595_Hazan/9780472220595.epub archived 9780472220595_version2.epub.
INFO: UMP EPUB s:/Information Management/Fulcrum/Fulcrum_Synced/UMP/9780472220595_Hazan/9780472220595.epub updated.
INFO: processing EPUB file 9780472220632.epub
INFO: Using UMP EPUB s:/Information Management/Fulcrum/Fulcrum_Synced/UMP/9780472220632_Mohan/9780472220632.epub for 9780472220632.epub
INFO: UMP EPUB s:/Information Management/Fulcrum/Fulcrum_Synced/UMP/9780472220632_Mohan/9780472220632.epub archived 9780472220632_version3.epub.
INFO: UMP EPUB s:/Information Management/Fulcrum/Fulcrum_Synced/UMP/9780472220632_Mohan/9780472220632.epub updated.
INFO: processing EPUB file 9780472220717.epub
INFO: Using UMP EPUB s:/Information Management/Fulcrum/Fulcrum_Synced/UMP/9780472220717_Kopper/9780472220717.epub for 9780472220717.epub
INFO: UMP EPUB s:/Information Management/Fulcrum/Fulcrum_Synced/UMP/9780472220717_Kopper/9780472220717.epub archived 9780472220717_version2.epub.
INFO: UMP EPUB s:/Information Management/Fulcrum/Fulcrum_Synced/UMP/9780472220717_Kopper/9780472220717.epub updated.
INFO: processing EPUB file 9780472220731.epub
INFO: Using UMP EPUB s:/Information Management/Fulcrum/Fulcrum_Synced/UMP/9780472220731_Joireman/9780472220731.epub for 9780472220731.epub
INFO: UMP EPUB s:/Information Management/Fulcrum/Fulcrum_Synced/UMP/9780472220731_Joireman/9780472220731.epub archived 9780472220731_version2.epub.
INFO: UMP EPUB s:/Information Management/Fulcrum/Fulcrum_Synced/UMP/9780472220731_Joireman/9780472220731.epub updated.
INFO: processing EPUB file 9780472220830.epub
INFO: Using UMP EPUB s:/Information Management/Fulcrum/Fulcrum_Synced/UMP/9780472220830_Kone/9780472220830.epub for 9780472220830.epub
INFO: UMP EPUB s:/Information Management/Fulcrum/Fulcrum_Synced/UMP/9780472220830_Kone/9780472220830.epub archived 9780472220830_version3.epub.
INFO: UMP EPUB s:/Information Management/Fulcrum/Fulcrum_Synced/UMP/9780472220830_Kone/9780472220830.epub updated.
INFO: processing EPUB file 9780472220908.epub
INFO: Using UMP EPUB s:/Information Management/Fulcrum/Fulcrum_Synced/UMP/9780472220908_Hung/9780472220908.epub for 9780472220908.epub
INFO: UMP EPUB s:/Information Management/Fulcrum/Fulcrum_Synced/UMP/9780472220908_Hung/9780472220908.epub archived 9780472220908_version3.epub.
INFO: UMP EPUB s:/Information Management/Fulcrum/Fulcrum_Synced/UMP/9780472220908_Hung/9780472220908.epub updated.
INFO: processing EPUB file 9780472220946.epub
INFO: Using UMP EPUB s:/Information Management/Fulcrum/Fulcrum_Synced/UMP/9780472220946_Penella/9780472220946.epub for 9780472220946.epub
INFO: UMP EPUB s:/Information Management/Fulcrum/Fulcrum_Synced/UMP/9780472220946_Penella/9780472220946.epub archived 9780472220946_version1.epub.
INFO: UMP EPUB s:/Information Management/Fulcrum/Fulcrum_Synced/UMP/9780472220946_Penella/9780472220946.epub updated.
INFO: processing EPUB file 9780472220977.epub
INFO: Using UMP EPUB s:/Information Management/Fulcrum/Fulcrum_Synced/UMP/9780472220977_Kuin/9780472220977.epub for 9780472220977.epub
INFO: UMP EPUB s:/Information Management/Fulcrum/Fulcrum_Synced/UMP/9780472220977_Kuin/9780472220977.epub archived 9780472220977_version1.epub.
INFO: UMP EPUB s:/Information Management/Fulcrum/Fulcrum_Synced/UMP/9780472220977_Kuin/9780472220977.epub updated.
INFO: processing EPUB file 9780472220984.epub
INFO: Using UMP EPUB s:/Information Management/Fulcrum/Fulcrum_Synced/UMP/9780472220984_Ryan/9780472220984.epub for 9780472220984.epub
INFO: UMP EPUB s:/Information Management/Fulcrum/Fulcrum_Synced/UMP/9780472220984_Ryan/9780472220984.epub archived 9780472220984_version4.epub.
INFO: UMP EPUB s:/Information Management/Fulcrum/Fulcrum_Synced/UMP/9780472220984_Ryan/9780472220984.epub updated.
INFO: processing EPUB file 9780472221004.epub
INFO: Using UMP EPUB s:/Information Management/Fulcrum/Fulcrum_Synced/UMP/9780472221004_Robnett/9780472221004.epub for 9780472221004.epub
INFO: UMP EPUB s:/Information Management/Fulcrum/Fulcrum_Synced/UMP/9780472221004_Robnett/9780472221004.epub archived 9780472221004_version2.epub.
INFO: UMP EPUB s:/Information Management/Fulcrum/Fulcrum_Synced/UMP/9780472221004_Robnett/9780472221004.epub updated.
INFO: processing EPUB file 9780472221011.epub
INFO: Using UMP EPUB s:/Information Management/Fulcrum/Fulcrum_Synced/UMP/9780472221011_Porter/9780472221011.epub for 9780472221011.epub
INFO: UMP EPUB s:/Information Management/Fulcrum/Fulcrum_Synced/UMP/9780472221011_Porter/9780472221011.epub archived 9780472221011_version2.epub.
INFO: UMP EPUB s:/Information Management/Fulcrum/Fulcrum_Synced/UMP/9780472221011_Porter/9780472221011.epub updated.
INFO: processing EPUB file 9780472221042.epub
INFO: Using UMP EPUB s:/Information Management/Fulcrum/Fulcrum_Synced/UMP/9780472221042_Kamens/9780472221042.epub for 9780472221042.epub
INFO: UMP EPUB s:/Information Management/Fulcrum/Fulcrum_Synced/UMP/9780472221042_Kamens/9780472221042.epub archived 9780472221042_version3.epub.
INFO: UMP EPUB s:/Information Management/Fulcrum/Fulcrum_Synced/UMP/9780472221042_Kamens/9780472221042.epub updated.
INFO: processing EPUB file 9780472221103.epub
INFO: Using UMP EPUB s:/Information Management/Fulcrum/Fulcrum_Synced/UMP/9780472221103_Whaley/9780472221103.epub for 9780472221103.epub
INFO: UMP EPUB s:/Information Management/Fulcrum/Fulcrum_Synced/UMP/9780472221103_Whaley/9780472221103.epub archived 9780472221103_version2.epub.
INFO: UMP EPUB s:/Information Management/Fulcrum/Fulcrum_Synced/UMP/9780472221103_Whaley/9780472221103.epub updated.
INFO: processing EPUB file 9780472221134.epub
INFO: Using UMP EPUB s:/Information Management/Fulcrum/Fulcrum_Synced/UMP/9780472221134_Humphrey/9780472221134.epub for 9780472221134.epub
INFO: UMP EPUB s:/Information Management/Fulcrum/Fulcrum_Synced/UMP/9780472221134_Humphrey/9780472221134.epub archived 9780472221134_version2.epub.
INFO: UMP EPUB s:/Information Management/Fulcrum/Fulcrum_Synced/UMP/9780472221134_Humphrey/9780472221134.epub updated.
INFO: processing EPUB file 9780472221233.epub
INFO: Using UMP EPUB s:/Information Management/Fulcrum/Fulcrum_Synced/UMP/9780472221233_Steen/9780472221233.epub for 9780472221233.epub
INFO: UMP EPUB s:/Information Management/Fulcrum/Fulcrum_Synced/UMP/9780472221233_Steen/9780472221233.epub archived 9780472221233_version3.epub.
INFO: UMP EPUB s:/Information Management/Fulcrum/Fulcrum_Synced/UMP/9780472221233_Steen/9780472221233.epub updated.
INFO: processing EPUB file 9780472221295.epub
INFO: Using UMP EPUB s:/Information Management/Fulcrum/Fulcrum_Synced/UMP/9780472221295_Hendry/9780472221295.epub for 9780472221295.epub
INFO: UMP EPUB s:/Information Management/Fulcrum/Fulcrum_Synced/UMP/9780472221295_Hendry/9780472221295.epub archived 9780472221295_version2.epub.
INFO: UMP EPUB s:/Information Management/Fulcrum/Fulcrum_Synced/UMP/9780472221295_Hendry/9780472221295.epub updated.
INFO: processing EPUB file 9780472221417.epub
INFO: Using UMP EPUB s:/Information Management/Fulcrum/Fulcrum_Synced/UMP/9780472221417_Sancinito/9780472221417.epub for 9780472221417.epub
INFO: UMP EPUB s:/Information Management/Fulcrum/Fulcrum_Synced/UMP/9780472221417_Sancinito/9780472221417.epub archived 9780472221417_version2.epub.
INFO: UMP EPUB s:/Information Management/Fulcrum/Fulcrum_Synced/UMP/9780472221417_Sancinito/9780472221417.epub updated.
INFO: processing EPUB file 9780472221707.epub
INFO: Using UMP EPUB s:/Information Management/Fulcrum/Fulcrum_Synced/UMP/9780472221707_Wright/9780472221707.epub for 9780472221707.epub
INFO: UMP EPUB s:/Information Management/Fulcrum/Fulcrum_Synced/UMP/9780472221707_Wright/9780472221707.epub archived 9780472221707_version1.epub.
INFO: UMP EPUB s:/Information Management/Fulcrum/Fulcrum_Synced/UMP/9780472221707_Wright/9780472221707.epub updated.
INFO: processing EPUB file 9780472221790.epub
INFO: Using UMP EPUB s:/Information Management/Fulcrum/Fulcrum_Synced/UMP/9780472221790_Giguere/9780472221790.epub for 9780472221790.epub
INFO: UMP EPUB s:/Information Management/Fulcrum/Fulcrum_Synced/UMP/9780472221790_Giguere/9780472221790.epub archived 9780472221790_version2.epub.
INFO: UMP EPUB s:/Information Management/Fulcrum/Fulcrum_Synced/UMP/9780472221790_Giguere/9780472221790.epub updated.
INFO: processing EPUB file 9780472221806.epub
INFO: Using UMP EPUB s:/Information Management/Fulcrum/Fulcrum_Synced/UMP/9780472221806_Lee/9780472221806.epub for 9780472221806.epub
INFO: UMP EPUB s:/Information Management/Fulcrum/Fulcrum_Synced/UMP/9780472221806_Lee/9780472221806.epub archived 9780472221806_version3.epub.
INFO: UMP EPUB s:/Information Management/Fulcrum/Fulcrum_Synced/UMP/9780472221806_Lee/9780472221806.epub updated.
INFO: processing EPUB file 9780472221868.epub
INFO: Using UMP EPUB s:/Information Management/Fulcrum/Fulcrum_Synced/UMP/9780472221868_Opoku-Agyemang/9780472221868.epub for 9780472221868.epub
INFO: UMP EPUB s:/Information Management/Fulcrum/Fulcrum_Synced/UMP/9780472221868_Opoku-Agyemang/9780472221868.epub archived 9780472221868_version2.epub.
INFO: UMP EPUB s:/Information Management/Fulcrum/Fulcrum_Synced/UMP/9780472221868_Opoku-Agyemang/9780472221868.epub updated.
INFO: processing EPUB file 9780472221882.epub
INFO: Using UMP EPUB s:/Information Management/Fulcrum/Fulcrum_Synced/UMP/9780472221882_Isomae/9780472221882.epub for 9780472221882.epub
INFO: UMP EPUB s:/Information Management/Fulcrum/Fulcrum_Synced/UMP/9780472221882_Isomae/9780472221882.epub archived 9780472221882_version2.epub.
INFO: UMP EPUB s:/Information Management/Fulcrum/Fulcrum_Synced/UMP/9780472221882_Isomae/9780472221882.epub updated.
INFO: processing EPUB file 9780472221912.epub
INFO: Using UMP EPUB s:/Information Management/Fulcrum/Fulcrum_Synced/UMP/9780472221912_Lopez_Rodriguez/9780472221912.epub for 9780472221912.epub
INFO: UMP EPUB s:/Information Management/Fulcrum/Fulcrum_Synced/UMP/9780472221912_Lopez_Rodriguez/9780472221912.epub archived 9780472221912_version1.epub.
INFO: UMP EPUB s:/Information Management/Fulcrum/Fulcrum_Synced/UMP/9780472221912_Lopez_Rodriguez/9780472221912.epub updated.
INFO: processing EPUB file 9780472221929.epub
INFO: Using UMP EPUB s:/Information Management/Fulcrum/Fulcrum_Synced/UMP/9780472221929_Ulrich/9780472221929.epub for 9780472221929.epub
INFO: UMP EPUB s:/Information Management/Fulcrum/Fulcrum_Synced/UMP/9780472221929_Ulrich/9780472221929.epub archived 9780472221929_version2.epub.
INFO: UMP EPUB s:/Information Management/Fulcrum/Fulcrum_Synced/UMP/9780472221929_Ulrich/9780472221929.epub updated.
INFO: processing EPUB file 9780472221967.epub
INFO: Using UMP EPUB s:/Information Management/Fulcrum/Fulcrum_Synced/UMP/9780472221967_Jones/9780472221967.epub for 9780472221967.epub
INFO: UMP EPUB s:/Information Management/Fulcrum/Fulcrum_Synced/UMP/9780472221967_Jones/9780472221967.epub archived 9780472221967_version3.epub.
INFO: UMP EPUB s:/Information Management/Fulcrum/Fulcrum_Synced/UMP/9780472221967_Jones/9780472221967.epub updated.
INFO: processing EPUB file 9780472221974.epub
INFO: Using UMP EPUB s:/Information Management/Fulcrum/Fulcrum_Synced/UMP/9780472221974_LeslieSantana/9780472221974.epub for 9780472221974.epub
INFO: UMP EPUB s:/Information Management/Fulcrum/Fulcrum_Synced/UMP/9780472221974_LeslieSantana/9780472221974.epub archived 9780472221974_version2.epub.
INFO: UMP EPUB s:/Information Management/Fulcrum/Fulcrum_Synced/UMP/9780472221974_LeslieSantana/9780472221974.epub updated.
INFO: processing EPUB file 9780472221981.epub
INFO: Using UMP EPUB s:/Information Management/Fulcrum/Fulcrum_Synced/UMP/9780472221981_Evans/9780472221981.epub for 9780472221981.epub
INFO: UMP EPUB s:/Information Management/Fulcrum/Fulcrum_Synced/UMP/9780472221981_Evans/9780472221981.epub archived 9780472221981_version2.epub.
INFO: UMP EPUB s:/Information Management/Fulcrum/Fulcrum_Synced/UMP/9780472221981_Evans/9780472221981.epub updated.
INFO: processing EPUB file 9780472222025.epub
INFO: Using UMP EPUB s:/Information Management/Fulcrum/Fulcrum_Synced/UMP/9780472222025_Inoue/9780472222025.epub for 9780472222025.epub
INFO: UMP EPUB s:/Information Management/Fulcrum/Fulcrum_Synced/UMP/9780472222025_Inoue/9780472222025.epub archived 9780472222025_version2.epub.
INFO: UMP EPUB s:/Information Management/Fulcrum/Fulcrum_Synced/UMP/9780472222025_Inoue/9780472222025.epub updated.
INFO: processing EPUB file 9780472222056.epub
INFO: Using UMP EPUB s:/Information Management/Fulcrum/Fulcrum_Synced/UMP/9780472222056_Boletsi/9780472222056.epub for 9780472222056.epub
INFO: UMP EPUB s:/Information Management/Fulcrum/Fulcrum_Synced/UMP/9780472222056_Boletsi/9780472222056.epub archived 9780472222056_version3.epub.
INFO: UMP EPUB s:/Information Management/Fulcrum/Fulcrum_Synced/UMP/9780472222056_Boletsi/9780472222056.epub updated.
INFO: processing EPUB file 9780472901302.epub
INFO: Using UMP EPUB s:/Information Management/Fulcrum/Fulcrum_Synced/UMP/9780472901302_Garrett_Oja/9780472901302.epub for 9780472901302.epub
INFO: UMP EPUB s:/Information Management/Fulcrum/Fulcrum_Synced/UMP/9780472901302_Garrett_Oja/9780472901302.epub archived 9780472901302_version3.epub.
INFO: UMP EPUB s:/Information Management/Fulcrum/Fulcrum_Synced/UMP/9780472901302_Garrett_Oja/9780472901302.epub updated.
INFO: processing EPUB file 9780472902460.epub
INFO: Using UMP EPUB s:/Information Management/Fulcrum/Fulcrum_Synced/UMP/9780472902460_Greer/9780472902460.epub for 9780472902460.epub
INFO: UMP EPUB s:/Information Management/Fulcrum/Fulcrum_Synced/UMP/9780472902460_Greer/9780472902460.epub archived 9780472902460_version3.epub.
INFO: UMP EPUB s:/Information Management/Fulcrum/Fulcrum_Synced/UMP/9780472902460_Greer/9780472902460.epub updated.
INFO: processing EPUB file 9780472902842.epub
INFO: Using UMP EPUB s:/Information Management/Fulcrum/Fulcrum_Synced/UMP/9780472902842_Stockemer/9780472902842.epub for 9780472902842.epub
INFO: UMP EPUB s:/Information Management/Fulcrum/Fulcrum_Synced/UMP/9780472902842_Stockemer/9780472902842.epub archived 9780472902842_version2.epub.
INFO: UMP EPUB s:/Information Management/Fulcrum/Fulcrum_Synced/UMP/9780472902842_Stockemer/9780472902842.epub updated.
INFO: processing EPUB file 9780472902866.epub
INFO: Using UMP EPUB s:/Information Management/Fulcrum/Fulcrum_Synced/UMP/9780472902866_McManus/9780472902866.epub for 9780472902866.epub
INFO: UMP EPUB s:/Information Management/Fulcrum/Fulcrum_Synced/UMP/9780472902866_McManus/9780472902866.epub archived 9780472902866_version2.epub.
INFO: UMP EPUB s:/Information Management/Fulcrum/Fulcrum_Synced/UMP/9780472902866_McManus/9780472902866.epub updated.
INFO: processing EPUB file 9780472902958.epub
INFO: Using UMP EPUB s:/Information Management/Fulcrum/Fulcrum_Synced/UMP/9780472902958_Solomon/9780472902958.epub for 9780472902958.epub
INFO: UMP EPUB s:/Information Management/Fulcrum/Fulcrum_Synced/UMP/9780472902958_Solomon/9780472902958.epub archived 9780472902958_version3.epub.
INFO: UMP EPUB s:/Information Management/Fulcrum/Fulcrum_Synced/UMP/9780472902958_Solomon/9780472902958.epub updated.
INFO: processing EPUB file 9780472902972.epub
INFO: Using UMP EPUB s:/Information Management/Fulcrum/Fulcrum_Synced/UMP/9780472902972_Schlegel/9780472902972.epub for 9780472902972.epub
INFO: UMP EPUB s:/Information Management/Fulcrum/Fulcrum_Synced/UMP/9780472902972_Schlegel/9780472902972.epub archived 9780472902972_version4.epub.
INFO: UMP EPUB s:/Information Management/Fulcrum/Fulcrum_Synced/UMP/9780472902972_Schlegel/9780472902972.epub updated.
INFO: processing EPUB file 9780472902989.epub
INFO: Using UMP EPUB s:/Information Management/Fulcrum/Fulcrum_Synced/UMP/9780472902989_Gelman/9780472902989.epub for 9780472902989.epub
INFO: UMP EPUB s:/Information Management/Fulcrum/Fulcrum_Synced/UMP/9780472902989_Gelman/9780472902989.epub archived 9780472902989_version3.epub.
INFO: UMP EPUB s:/Information Management/Fulcrum/Fulcrum_Synced/UMP/9780472902989_Gelman/9780472902989.epub updated.
INFO: processing EPUB file 9780472903009.epub
INFO: Using UMP EPUB s:/Information Management/Fulcrum/Fulcrum_Synced/UMP/9780472903009_Nickleson/9780472903009.epub for 9780472903009.epub
INFO: UMP EPUB s:/Information Management/Fulcrum/Fulcrum_Synced/UMP/9780472903009_Nickleson/9780472903009.epub archived 9780472903009_version2.epub.
INFO: UMP EPUB s:/Information Management/Fulcrum/Fulcrum_Synced/UMP/9780472903009_Nickleson/9780472903009.epub updated.
INFO: processing EPUB file 9780472903030.epub
INFO: Using UMP EPUB s:/Information Management/Fulcrum/Fulcrum_Synced/UMP/9780472903030_Apgar/9780472903030.epub for 9780472903030.epub
INFO: UMP EPUB s:/Information Management/Fulcrum/Fulcrum_Synced/UMP/9780472903030_Apgar/9780472903030.epub archived 9780472903030_version2.epub.
INFO: UMP EPUB s:/Information Management/Fulcrum/Fulcrum_Synced/UMP/9780472903030_Apgar/9780472903030.epub updated.
INFO: processing EPUB file 9780472903054.epub
INFO: Using UMP EPUB s:/Information Management/Fulcrum/Fulcrum_Synced/UMP/9780472903054_Leuprecht and Hataley/9780472903054.epub for 9780472903054.epub
INFO: UMP EPUB s:/Information Management/Fulcrum/Fulcrum_Synced/UMP/9780472903054_Leuprecht and Hataley/9780472903054.epub archived 9780472903054_version3.epub.
INFO: UMP EPUB s:/Information Management/Fulcrum/Fulcrum_Synced/UMP/9780472903054_Leuprecht and Hataley/9780472903054.epub updated.
INFO: processing EPUB file 9780472903115.epub
INFO: Using UMP EPUB s:/Information Management/Fulcrum/Fulcrum_Synced/UMP/9780472903115_DiPiero/9780472903115.epub for 9780472903115.epub
INFO: UMP EPUB s:/Information Management/Fulcrum/Fulcrum_Synced/UMP/9780472903115_DiPiero/9780472903115.epub archived 9780472903115_version2.epub.
INFO: UMP EPUB s:/Information Management/Fulcrum/Fulcrum_Synced/UMP/9780472903115_DiPiero/9780472903115.epub updated.
INFO: processing EPUB file 9780472903160.epub
INFO: Using UMP EPUB s:/Information Management/Fulcrum/Fulcrum_Synced/UMP/9780472903160_Di_Peri/9780472903160.epub for 9780472903160.epub
INFO: UMP EPUB s:/Information Management/Fulcrum/Fulcrum_Synced/UMP/9780472903160_Di_Peri/9780472903160.epub archived 9780472903160_version2.epub.
INFO: UMP EPUB s:/Information Management/Fulcrum/Fulcrum_Synced/UMP/9780472903160_Di_Peri/9780472903160.epub updated.
INFO: processing EPUB file 9780472903177.epub
INFO: Using UMP EPUB s:/Information Management/Fulcrum/Fulcrum_Synced/UMP/9780472903177_Enders/9780472903177.epub for 9780472903177.epub
INFO: UMP EPUB s:/Information Management/Fulcrum/Fulcrum_Synced/UMP/9780472903177_Enders/9780472903177.epub archived 9780472903177_version2.epub.
INFO: UMP EPUB s:/Information Management/Fulcrum/Fulcrum_Synced/UMP/9780472903177_Enders/9780472903177.epub updated.
INFO: processing EPUB file 9780472903214.epub
INFO: Using UMP EPUB s:/Information Management/Fulcrum/Fulcrum_Synced/UMP/9780472903214_Kshetri/9780472903214.epub for 9780472903214.epub
INFO: UMP EPUB s:/Information Management/Fulcrum/Fulcrum_Synced/UMP/9780472903214_Kshetri/9780472903214.epub archived 9780472903214_version2.epub.
INFO: UMP EPUB s:/Information Management/Fulcrum/Fulcrum_Synced/UMP/9780472903214_Kshetri/9780472903214.epub updated.
INFO: processing EPUB file 9780472903221.epub
INFO: Using UMP EPUB s:/Information Management/Fulcrum/Fulcrum_Synced/UMP/9780472903221_Gromping_Teets/9780472903221.epub for 9780472903221.epub
INFO: UMP EPUB s:/Information Management/Fulcrum/Fulcrum_Synced/UMP/9780472903221_Gromping_Teets/9780472903221.epub archived 9780472903221_version3.epub.
INFO: UMP EPUB s:/Information Management/Fulcrum/Fulcrum_Synced/UMP/9780472903221_Gromping_Teets/9780472903221.epub updated.
INFO: processing EPUB file 9780472903238.epub
INFO: Using UMP EPUB s:/Information Management/Fulcrum/Fulcrum_Synced/UMP/9780472903238_McMahon/9780472903238.epub for 9780472903238.epub
INFO: UMP EPUB s:/Information Management/Fulcrum/Fulcrum_Synced/UMP/9780472903238_McMahon/9780472903238.epub archived 9780472903238_version2.epub.
INFO: UMP EPUB s:/Information Management/Fulcrum/Fulcrum_Synced/UMP/9780472903238_McMahon/9780472903238.epub updated.
INFO: processing EPUB file 9780472903252.epub
INFO: Using UMP EPUB s:/Information Management/Fulcrum/Fulcrum_Synced/UMP/9780472903252_Heath/9780472903252.epub for 9780472903252.epub
INFO: UMP EPUB s:/Information Management/Fulcrum/Fulcrum_Synced/UMP/9780472903252_Heath/9780472903252.epub archived 9780472903252_version2.epub.
INFO: UMP EPUB s:/Information Management/Fulcrum/Fulcrum_Synced/UMP/9780472903252_Heath/9780472903252.epub updated.
INFO: processing EPUB file 9780472903283.epub
INFO: Using UMP EPUB s:/Information Management/Fulcrum/Fulcrum_Synced/UMP/9780472903283_Politz/9780472903283.epub for 9780472903283.epub
INFO: UMP EPUB s:/Information Management/Fulcrum/Fulcrum_Synced/UMP/9780472903283_Politz/9780472903283.epub archived 9780472903283_version2.epub.
INFO: UMP EPUB s:/Information Management/Fulcrum/Fulcrum_Synced/UMP/9780472903283_Politz/9780472903283.epub updated.
INFO: processing EPUB file 9780472903306.epub
INFO: Using UMP EPUB s:/Information Management/Fulcrum/Fulcrum_Synced/UMP/9780472903306_Sun/9780472903306.epub for 9780472903306.epub
INFO: UMP EPUB s:/Information Management/Fulcrum/Fulcrum_Synced/UMP/9780472903306_Sun/9780472903306.epub archived 9780472903306_version2.epub.
INFO: UMP EPUB s:/Information Management/Fulcrum/Fulcrum_Synced/UMP/9780472903306_Sun/9780472903306.epub updated.
INFO: processing EPUB file 9780472903320.epub
INFO: Using UMP EPUB s:/Information Management/Fulcrum/Fulcrum_Synced/UMP/9780472903320_Rosenthal/9780472903320.epub for 9780472903320.epub
INFO: UMP EPUB s:/Information Management/Fulcrum/Fulcrum_Synced/UMP/9780472903320_Rosenthal/9780472903320.epub archived 9780472903320_version2.epub.
INFO: UMP EPUB s:/Information Management/Fulcrum/Fulcrum_Synced/UMP/9780472903320_Rosenthal/9780472903320.epub updated.
INFO: processing EPUB file 9780472903344.epub
INFO: Using UMP EPUB s:/Information Management/Fulcrum/Fulcrum_Synced/UMP/9780472903344_Ginsberg/9780472903344.epub for 9780472903344.epub
INFO: UMP EPUB s:/Information Management/Fulcrum/Fulcrum_Synced/UMP/9780472903344_Ginsberg/9780472903344.epub archived 9780472903344_version2.epub.
INFO: UMP EPUB s:/Information Management/Fulcrum/Fulcrum_Synced/UMP/9780472903344_Ginsberg/9780472903344.epub updated.
INFO: processing EPUB file 9780472903382.epub
INFO: Using UMP EPUB s:/Information Management/Fulcrum/Fulcrum_Synced/UMP/9780472903382_Affuso/9780472903382.epub for 9780472903382.epub
INFO: UMP EPUB s:/Information Management/Fulcrum/Fulcrum_Synced/UMP/9780472903382_Affuso/9780472903382.epub archived 9780472903382_version2.epub.
INFO: UMP EPUB s:/Information Management/Fulcrum/Fulcrum_Synced/UMP/9780472903382_Affuso/9780472903382.epub updated.
INFO: processing EPUB file 9780472903429.epub
INFO: Using UMP EPUB s:/Information Management/Fulcrum/Fulcrum_Synced/UMP/9780472903429_Chernykh/9780472903429.epub for 9780472903429.epub
INFO: UMP EPUB s:/Information Management/Fulcrum/Fulcrum_Synced/UMP/9780472903429_Chernykh/9780472903429.epub archived 9780472903429_version3.epub.
INFO: UMP EPUB s:/Information Management/Fulcrum/Fulcrum_Synced/UMP/9780472903429_Chernykh/9780472903429.epub updated.
INFO: processing EPUB file 9780472903504.epub
INFO: Using UMP EPUB s:/Information Management/Fulcrum/Fulcrum_Synced/UMP/9780472903504_Gorzelany/9780472903504.epub for 9780472903504.epub
INFO: UMP EPUB s:/Information Management/Fulcrum/Fulcrum_Synced/UMP/9780472903504_Gorzelany/9780472903504.epub archived 9780472903504_version1.epub.
INFO: UMP EPUB s:/Information Management/Fulcrum/Fulcrum_Synced/UMP/9780472903504_Gorzelany/9780472903504.epub updated.
INFO: processing EPUB file 9780472903511.epub
INFO: Using UMP EPUB s:/Information Management/Fulcrum/Fulcrum_Synced/UMP/9780472903511_Klinke/9780472903511.epub for 9780472903511.epub
INFO: UMP EPUB s:/Information Management/Fulcrum/Fulcrum_Synced/UMP/9780472903511_Klinke/9780472903511.epub archived 9780472903511_version2.epub.
INFO: UMP EPUB s:/Information Management/Fulcrum/Fulcrum_Synced/UMP/9780472903511_Klinke/9780472903511.epub updated.
INFO: processing EPUB file 9780472903535.epub
INFO: Using UMP EPUB s:/Information Management/Fulcrum/Fulcrum_Synced/UMP/9780472903535_Buchler/9780472903535.epub for 9780472903535.epub
INFO: UMP EPUB s:/Information Management/Fulcrum/Fulcrum_Synced/UMP/9780472903535_Buchler/9780472903535.epub archived 9780472903535_version2.epub.
INFO: UMP EPUB s:/Information Management/Fulcrum/Fulcrum_Synced/UMP/9780472903535_Buchler/9780472903535.epub updated.
INFO: processing EPUB file 9780472903542.epub
INFO: Using UMP EPUB s:/Information Management/Fulcrum/Fulcrum_Synced/UMP/9780472903542_Badache/9780472903542.epub for 9780472903542.epub
INFO: UMP EPUB s:/Information Management/Fulcrum/Fulcrum_Synced/UMP/9780472903542_Badache/9780472903542.epub archived 9780472903542_version2.epub.
INFO: UMP EPUB s:/Information Management/Fulcrum/Fulcrum_Synced/UMP/9780472903542_Badache/9780472903542.epub updated.
INFO: processing EPUB file 9780472903566.epub
INFO: Using UMP EPUB s:/Information Management/Fulcrum/Fulcrum_Synced/UMP/9780472903566_Layne_Tonger-Erk/9780472903566.epub for 9780472903566.epub
INFO: UMP EPUB s:/Information Management/Fulcrum/Fulcrum_Synced/UMP/9780472903566_Layne_Tonger-Erk/9780472903566.epub archived 9780472903566_version2.epub.
INFO: UMP EPUB s:/Information Management/Fulcrum/Fulcrum_Synced/UMP/9780472903566_Layne_Tonger-Erk/9780472903566.epub updated.
INFO: processing EPUB file 9780472903580.epub
INFO: Using UMP EPUB s:/Information Management/Fulcrum/Fulcrum_Synced/UMP/9780472903580_Everett/9780472903580.epub for 9780472903580.epub
INFO: UMP EPUB s:/Information Management/Fulcrum/Fulcrum_Synced/UMP/9780472903580_Everett/9780472903580.epub archived 9780472903580_version2.epub.
INFO: UMP EPUB s:/Information Management/Fulcrum/Fulcrum_Synced/UMP/9780472903580_Everett/9780472903580.epub updated.
INFO: processing EPUB file 9780472903597.epub
INFO: Using UMP EPUB s:/Information Management/Fulcrum/Fulcrum_Synced/UMP/9780472903597_Javed/9780472903597.epub for 9780472903597.epub
INFO: UMP EPUB s:/Information Management/Fulcrum/Fulcrum_Synced/UMP/9780472903597_Javed/9780472903597.epub archived 9780472903597_version2.epub.
INFO: UMP EPUB s:/Information Management/Fulcrum/Fulcrum_Synced/UMP/9780472903597_Javed/9780472903597.epub updated.
INFO: processing EPUB file 9780472903603.epub
INFO: Using UMP EPUB s:/Information Management/Fulcrum/Fulcrum_Synced/UMP/9780472903603_Johnson/9780472903603.epub for 9780472903603.epub
INFO: UMP EPUB s:/Information Management/Fulcrum/Fulcrum_Synced/UMP/9780472903603_Johnson/9780472903603.epub archived 9780472903603_version2.epub.
INFO: UMP EPUB s:/Information Management/Fulcrum/Fulcrum_Synced/UMP/9780472903603_Johnson/9780472903603.epub updated.
INFO: processing EPUB file 9780472903665.epub
INFO: Using UMP EPUB s:/Information Management/Fulcrum/Fulcrum_Synced/UMP/9780472903665_Sundar/9780472903665.epub for 9780472903665.epub
INFO: UMP EPUB s:/Information Management/Fulcrum/Fulcrum_Synced/UMP/9780472903665_Sundar/9780472903665.epub archived 9780472903665_version2.epub.
INFO: UMP EPUB s:/Information Management/Fulcrum/Fulcrum_Synced/UMP/9780472903665_Sundar/9780472903665.epub updated.
INFO: processing EPUB file 9780472903672.epub
INFO: Using UMP EPUB s:/Information Management/Fulcrum/Fulcrum_Synced/UMP/9780472903672_Finger_and_Shoults/9780472903672.epub for 9780472903672.epub
INFO: UMP EPUB s:/Information Management/Fulcrum/Fulcrum_Synced/UMP/9780472903672_Finger_and_Shoults/9780472903672.epub archived 9780472903672_version2.epub.
INFO: UMP EPUB s:/Information Management/Fulcrum/Fulcrum_Synced/UMP/9780472903672_Finger_and_Shoults/9780472903672.epub updated.
INFO: processing EPUB file 9780472903689.epub
INFO: Using UMP EPUB s:/Information Management/Fulcrum/Fulcrum_Synced/UMP/9780472903689_Tucker/9780472903689.epub for 9780472903689.epub
INFO: UMP EPUB s:/Information Management/Fulcrum/Fulcrum_Synced/UMP/9780472903689_Tucker/9780472903689.epub archived 9780472903689_version7.epub.
INFO: UMP EPUB s:/Information Management/Fulcrum/Fulcrum_Synced/UMP/9780472903689_Tucker/9780472903689.epub updated.
INFO: processing EPUB file 9780472903702.epub
INFO: Using UMP EPUB s:/Information Management/Fulcrum/Fulcrum_Synced/UMP/9780472903702_Mihaylova/9780472903702.epub for 9780472903702.epub
INFO: UMP EPUB s:/Information Management/Fulcrum/Fulcrum_Synced/UMP/9780472903702_Mihaylova/9780472903702.epub archived 9780472903702_version2.epub.
INFO: UMP EPUB s:/Information Management/Fulcrum/Fulcrum_Synced/UMP/9780472903702_Mihaylova/9780472903702.epub updated.
INFO: processing EPUB file 9780472903726.epub
INFO: Using UMP EPUB s:/Information Management/Fulcrum/Fulcrum_Synced/UMP/9780472903726_Haussman/9780472903726.epub for 9780472903726.epub
INFO: UMP EPUB s:/Information Management/Fulcrum/Fulcrum_Synced/UMP/9780472903726_Haussman/9780472903726.epub archived 9780472903726_version2.epub.
INFO: UMP EPUB s:/Information Management/Fulcrum/Fulcrum_Synced/UMP/9780472903726_Haussman/9780472903726.epub updated.
INFO: processing EPUB file 9780472903788.epub
INFO: Using UMP EPUB s:/Information Management/Fulcrum/Fulcrum_Synced/UMP/9780472903788_Flinn/9780472903788.epub for 9780472903788.epub
INFO: UMP EPUB s:/Information Management/Fulcrum/Fulcrum_Synced/UMP/9780472903788_Flinn/9780472903788.epub archived 9780472903788_version5.epub.
INFO: UMP EPUB s:/Information Management/Fulcrum/Fulcrum_Synced/UMP/9780472903788_Flinn/9780472903788.epub updated.
INFO: processing EPUB file 9780472903870.epub
INFO: Using UMP EPUB s:/Information Management/Fulcrum/Fulcrum_Synced/UMP/9780472903870_Nudell/9780472903870.epub for 9780472903870.epub
INFO: UMP EPUB s:/Information Management/Fulcrum/Fulcrum_Synced/UMP/9780472903870_Nudell/9780472903870.epub archived 9780472903870_version3.epub.
INFO: UMP EPUB s:/Information Management/Fulcrum/Fulcrum_Synced/UMP/9780472903870_Nudell/9780472903870.epub updated.
INFO: processing EPUB file 9780472903917.epub
INFO: Using UMP EPUB s:/Information Management/Fulcrum/Fulcrum_Synced/UMP/9780472903917_Yang/9780472903917.epub for 9780472903917.epub
INFO: UMP EPUB s:/Information Management/Fulcrum/Fulcrum_Synced/UMP/9780472903917_Yang/9780472903917.epub archived 9780472903917_version3.epub.
INFO: UMP EPUB s:/Information Management/Fulcrum/Fulcrum_Synced/UMP/9780472903917_Yang/9780472903917.epub updated.
INFO: processing EPUB file 9780472903924.epub
INFO: Using UMP EPUB s:/Information Management/Fulcrum/Fulcrum_Synced/UMP/9780472903924_Chau/9780472903924.epub for 9780472903924.epub
INFO: UMP EPUB s:/Information Management/Fulcrum/Fulcrum_Synced/UMP/9780472903924_Chau/9780472903924.epub archived 9780472903924_version2.epub.
INFO: UMP EPUB s:/Information Management/Fulcrum/Fulcrum_Synced/UMP/9780472903924_Chau/9780472903924.epub updated.
INFO: processing EPUB file 9780472904013.epub
INFO: Using UMP EPUB s:/Information Management/Fulcrum/Fulcrum_Synced/UMP/9780472904013_Kressbach/9780472904013.epub for 9780472904013.epub
INFO: UMP EPUB s:/Information Management/Fulcrum/Fulcrum_Synced/UMP/9780472904013_Kressbach/9780472904013.epub archived 9780472904013_version3.epub.
INFO: UMP EPUB s:/Information Management/Fulcrum/Fulcrum_Synced/UMP/9780472904013_Kressbach/9780472904013.epub updated.
INFO: processing EPUB file 9780472904280.epub
INFO: Using UMP EPUB s:/Information Management/Fulcrum/Fulcrum_Synced/UMP/9780472904280_Cohen/9780472904280.epub for 9780472904280.epub
INFO: UMP EPUB s:/Information Management/Fulcrum/Fulcrum_Synced/UMP/9780472904280_Cohen/9780472904280.epub archived 9780472904280_version3.epub.
INFO: UMP EPUB s:/Information Management/Fulcrum/Fulcrum_Synced/UMP/9780472904280_Cohen/9780472904280.epub updated.
INFO: processing EPUB file 9780472904297.epub
INFO: Using UMP EPUB s:/Information Management/Fulcrum/Fulcrum_Synced/UMP/9780472904297_Andrews_Delton/9780472904297.epub for 9780472904297.epub
INFO: UMP EPUB s:/Information Management/Fulcrum/Fulcrum_Synced/UMP/9780472904297_Andrews_Delton/9780472904297.epub archived 9780472904297_version4.epub.
INFO: UMP EPUB s:/Information Management/Fulcrum/Fulcrum_Synced/UMP/9780472904297_Andrews_Delton/9780472904297.epub updated.
INFO: processing EPUB file 9780472904303.epub
INFO: Using UMP EPUB s:/Information Management/Fulcrum/Fulcrum_Synced/UMP/9780472904303_SteigerwaldIlle/9780472904303.epub for 9780472904303.epub
INFO: UMP EPUB s:/Information Management/Fulcrum/Fulcrum_Synced/UMP/9780472904303_SteigerwaldIlle/9780472904303.epub archived 9780472904303_version3.epub.
INFO: UMP EPUB s:/Information Management/Fulcrum/Fulcrum_Synced/UMP/9780472904303_SteigerwaldIlle/9780472904303.epub updated.
INFO: processing EPUB file 9780472904358.epub
INFO: Using UMP EPUB s:/Information Management/Fulcrum/Fulcrum_Synced/UMP/9780472904358_Russell/9780472904358.epub for 9780472904358.epub
INFO: UMP EPUB s:/Information Management/Fulcrum/Fulcrum_Synced/UMP/9780472904358_Russell/9780472904358.epub archived 9780472904358_version2.epub.
INFO: UMP EPUB s:/Information Management/Fulcrum/Fulcrum_Synced/UMP/9780472904358_Russell/9780472904358.epub updated.
INFO: processing EPUB file 9780472904419.epub
INFO: Using UMP EPUB s:/Information Management/Fulcrum/Fulcrum_Synced/UMP/9780472904419_Rossini/9780472904419.epub for 9780472904419.epub
INFO: UMP EPUB s:/Information Management/Fulcrum/Fulcrum_Synced/UMP/9780472904419_Rossini/9780472904419.epub archived 9780472904419_version1.epub.
INFO: UMP EPUB s:/Information Management/Fulcrum/Fulcrum_Synced/UMP/9780472904419_Rossini/9780472904419.epub updated.
INFO: processing EPUB file 9780472904426.epub
INFO: Using UMP EPUB s:/Information Management/Fulcrum/Fulcrum_Synced/UMP/9780472904426_Todd/9780472904426.epub for 9780472904426.epub
INFO: UMP EPUB s:/Information Management/Fulcrum/Fulcrum_Synced/UMP/9780472904426_Todd/9780472904426.epub archived 9780472904426_version2.epub.
INFO: UMP EPUB s:/Information Management/Fulcrum/Fulcrum_Synced/UMP/9780472904426_Todd/9780472904426.epub updated.
INFO: processing EPUB file 9780472904433.epub
INFO: Using UMP EPUB s:/Information Management/Fulcrum/Fulcrum_Synced/UMP/9780472904433_Zervou/9780472904433.epub for 9780472904433.epub
INFO: UMP EPUB s:/Information Management/Fulcrum/Fulcrum_Synced/UMP/9780472904433_Zervou/9780472904433.epub archived 9780472904433_version3.epub.
INFO: UMP EPUB s:/Information Management/Fulcrum/Fulcrum_Synced/UMP/9780472904433_Zervou/9780472904433.epub updated.
INFO: processing EPUB file 9780472904471.epub
INFO: Using UMP EPUB s:/Information Management/Fulcrum/Fulcrum_Synced/UMP/9780472904471_Zheng/9780472904471.epub for 9780472904471.epub
INFO: UMP EPUB s:/Information Management/Fulcrum/Fulcrum_Synced/UMP/9780472904471_Zheng/9780472904471.epub archived 9780472904471_version2.epub.
INFO: UMP EPUB s:/Information Management/Fulcrum/Fulcrum_Synced/UMP/9780472904471_Zheng/9780472904471.epub updated.
INFO: processing EPUB file 9780472904488.epub
INFO: Using UMP EPUB s:/Information Management/Fulcrum/Fulcrum_Synced/UMP/9780472904488_Rodman/9780472904488.epub for 9780472904488.epub
INFO: UMP EPUB s:/Information Management/Fulcrum/Fulcrum_Synced/UMP/9780472904488_Rodman/9780472904488.epub archived 9780472904488_version2.epub.
INFO: UMP EPUB s:/Information Management/Fulcrum/Fulcrum_Synced/UMP/9780472904488_Rodman/9780472904488.epub updated.
INFO: processing EPUB file 9780472904532.epub
INFO: Using UMP EPUB s:/Information Management/Fulcrum/Fulcrum_Synced/UMP/9780472904532_Dwyre_Kolodny/9780472904532.epub for 9780472904532.epub
INFO: UMP EPUB s:/Information Management/Fulcrum/Fulcrum_Synced/UMP/9780472904532_Dwyre_Kolodny/9780472904532.epub archived 9780472904532_version3.epub.
INFO: UMP EPUB s:/Information Management/Fulcrum/Fulcrum_Synced/UMP/9780472904532_Dwyre_Kolodny/9780472904532.epub updated.
INFO: processing EPUB file 9780472904563.epub
INFO: Using UMP EPUB s:/Information Management/Fulcrum/Fulcrum_Synced/UMP/9780472904563_Lim/9780472904563.epub for 9780472904563.epub
INFO: UMP EPUB s:/Information Management/Fulcrum/Fulcrum_Synced/UMP/9780472904563_Lim/9780472904563.epub archived 9780472904563_version2.epub.
INFO: UMP EPUB s:/Information Management/Fulcrum/Fulcrum_Synced/UMP/9780472904563_Lim/9780472904563.epub updated.
INFO: processing EPUB file 9780472904570.epub
INFO: Using UMP EPUB s:/Information Management/Fulcrum/Fulcrum_Synced/UMP/9780472904570_Delgadillo/9780472904570.epub for 9780472904570.epub
INFO: UMP EPUB s:/Information Management/Fulcrum/Fulcrum_Synced/UMP/9780472904570_Delgadillo/9780472904570.epub archived 9780472904570_version4.epub.
INFO: UMP EPUB s:/Information Management/Fulcrum/Fulcrum_Synced/UMP/9780472904570_Delgadillo/9780472904570.epub updated.
INFO: processing EPUB file 9780472904587.epub
INFO: Using UMP EPUB s:/Information Management/Fulcrum/Fulcrum_Synced/UMP/9780472904587_Shim/9780472904587.epub for 9780472904587.epub
INFO: UMP EPUB s:/Information Management/Fulcrum/Fulcrum_Synced/UMP/9780472904587_Shim/9780472904587.epub archived 9780472904587_version3.epub.
INFO: UMP EPUB s:/Information Management/Fulcrum/Fulcrum_Synced/UMP/9780472904587_Shim/9780472904587.epub updated.
INFO: processing EPUB file 9780472904594.epub
INFO: Using UMP EPUB s:/Information Management/Fulcrum/Fulcrum_Synced/UMP/9780472904594_Lucas_Pruett/9780472904594.epub for 9780472904594.epub
INFO: UMP EPUB s:/Information Management/Fulcrum/Fulcrum_Synced/UMP/9780472904594_Lucas_Pruett/9780472904594.epub archived 9780472904594_version2.epub.
INFO: UMP EPUB s:/Information Management/Fulcrum/Fulcrum_Synced/UMP/9780472904594_Lucas_Pruett/9780472904594.epub updated.
INFO: processing EPUB file 9780472904631.epub
INFO: Using UMP EPUB s:/Information Management/Fulcrum/Fulcrum_Synced/UMP/9780472904631_Hart/9780472904631.epub for 9780472904631.epub
INFO: UMP EPUB s:/Information Management/Fulcrum/Fulcrum_Synced/UMP/9780472904631_Hart/9780472904631.epub archived 9780472904631_version2.epub.
INFO: UMP EPUB s:/Information Management/Fulcrum/Fulcrum_Synced/UMP/9780472904631_Hart/9780472904631.epub updated.
INFO: processing EPUB file 9780472904655.epub
INFO: Using UMP EPUB s:/Information Management/Fulcrum/Fulcrum_Synced/UMP/9780472904655_Ganguly_Mistree_Diamond/9780472904655.epub for 9780472904655.epub
INFO: UMP EPUB s:/Information Management/Fulcrum/Fulcrum_Synced/UMP/9780472904655_Ganguly_Mistree_Diamond/9780472904655.epub archived 9780472904655_version2.epub.
INFO: UMP EPUB s:/Information Management/Fulcrum/Fulcrum_Synced/UMP/9780472904655_Ganguly_Mistree_Diamond/9780472904655.epub updated.
INFO: processing EPUB file 9780472904662.epub
INFO: Using UMP EPUB s:/Information Management/Fulcrum/Fulcrum_Synced/UMP/9780472904662_Rodriguez_Fielder/9780472904662.epub for 9780472904662.epub
INFO: UMP EPUB s:/Information Management/Fulcrum/Fulcrum_Synced/UMP/9780472904662_Rodriguez_Fielder/9780472904662.epub archived 9780472904662_version2.epub.
INFO: UMP EPUB s:/Information Management/Fulcrum/Fulcrum_Synced/UMP/9780472904662_Rodriguez_Fielder/9780472904662.epub updated.
INFO: processing EPUB file 9780472904679.epub
INFO: Using UMP EPUB s:/Information Management/Fulcrum/Fulcrum_Synced/UMP/9780472904679_Yan/9780472904679.epub for 9780472904679.epub
INFO: UMP EPUB s:/Information Management/Fulcrum/Fulcrum_Synced/UMP/9780472904679_Yan/9780472904679.epub archived 9780472904679_version2.epub.
INFO: UMP EPUB s:/Information Management/Fulcrum/Fulcrum_Synced/UMP/9780472904679_Yan/9780472904679.epub updated.
INFO: processing EPUB file 9780472904686.epub
INFO: Using UMP EPUB s:/Information Management/Fulcrum/Fulcrum_Synced/UMP/9780472904686_Doucette/9780472904686.epub for 9780472904686.epub
INFO: UMP EPUB s:/Information Management/Fulcrum/Fulcrum_Synced/UMP/9780472904686_Doucette/9780472904686.epub archived 9780472904686_version2.epub.
INFO: UMP EPUB s:/Information Management/Fulcrum/Fulcrum_Synced/UMP/9780472904686_Doucette/9780472904686.epub updated.
INFO: processing EPUB file 9780472904693.epub
INFO: Using UMP EPUB s:/Information Management/Fulcrum/Fulcrum_Synced/UMP/9780472904693_Visoka/9780472904693.epub for 9780472904693.epub
INFO: UMP EPUB s:/Information Management/Fulcrum/Fulcrum_Synced/UMP/9780472904693_Visoka/9780472904693.epub archived 9780472904693_version2.epub.
INFO: UMP EPUB s:/Information Management/Fulcrum/Fulcrum_Synced/UMP/9780472904693_Visoka/9780472904693.epub updated.
INFO: processing EPUB file 9780472904709.epub
INFO: Using UMP EPUB s:/Information Management/Fulcrum/Fulcrum_Synced/UMP/9780472904709_Baranets_Novo/9780472904709.epub for 9780472904709.epub
INFO: UMP EPUB s:/Information Management/Fulcrum/Fulcrum_Synced/UMP/9780472904709_Baranets_Novo/9780472904709.epub archived 9780472904709_version2.epub.
INFO: UMP EPUB s:/Information Management/Fulcrum/Fulcrum_Synced/UMP/9780472904709_Baranets_Novo/9780472904709.epub updated.
INFO: processing EPUB file 9780472904716.epub
INFO: Using UMP EPUB s:/Information Management/Fulcrum/Fulcrum_Synced/UMP/9780472904716_Konig/9780472904716.epub for 9780472904716.epub
INFO: UMP EPUB s:/Information Management/Fulcrum/Fulcrum_Synced/UMP/9780472904716_Konig/9780472904716.epub archived 9780472904716_version5.epub.
INFO: UMP EPUB s:/Information Management/Fulcrum/Fulcrum_Synced/UMP/9780472904716_Konig/9780472904716.epub updated.
INFO: processing EPUB file 9780472904723.epub
INFO: Using UMP EPUB s:/Information Management/Fulcrum/Fulcrum_Synced/UMP/9780472904723_Lowenheim/9780472904723.epub for 9780472904723.epub
INFO: UMP EPUB s:/Information Management/Fulcrum/Fulcrum_Synced/UMP/9780472904723_Lowenheim/9780472904723.epub archived 9780472904723_version2.epub.
INFO: UMP EPUB s:/Information Management/Fulcrum/Fulcrum_Synced/UMP/9780472904723_Lowenheim/9780472904723.epub updated.
INFO: processing EPUB file 9780472904754.epub
INFO: Using UMP EPUB s:/Information Management/Fulcrum/Fulcrum_Synced/UMP/9780472904754_Lust_Kao/9780472904754.epub for 9780472904754.epub
INFO: UMP EPUB s:/Information Management/Fulcrum/Fulcrum_Synced/UMP/9780472904754_Lust_Kao/9780472904754.epub archived 9780472904754_version3.epub.
INFO: UMP EPUB s:/Information Management/Fulcrum/Fulcrum_Synced/UMP/9780472904754_Lust_Kao/9780472904754.epub updated.
INFO: processing EPUB file 9780472904792.epub
INFO: Using UMP EPUB s:/Information Management/Fulcrum/Fulcrum_Synced/UMP/9780472904792_Xu/9780472904792.epub for 9780472904792.epub
INFO: UMP EPUB s:/Information Management/Fulcrum/Fulcrum_Synced/UMP/9780472904792_Xu/9780472904792.epub archived 9780472904792_version2.epub.
INFO: UMP EPUB s:/Information Management/Fulcrum/Fulcrum_Synced/UMP/9780472904792_Xu/9780472904792.epub updated.
INFO: processing EPUB file 9780472904808.epub
INFO: Using UMP EPUB s:/Information Management/Fulcrum/Fulcrum_Synced/UMP/9780472904808_Shandell/9780472904808.epub for 9780472904808.epub
INFO: UMP EPUB s:/Information Management/Fulcrum/Fulcrum_Synced/UMP/9780472904808_Shandell/9780472904808.epub archived 9780472904808_version3.epub.
INFO: UMP EPUB s:/Information Management/Fulcrum/Fulcrum_Synced/UMP/9780472904808_Shandell/9780472904808.epub updated.
INFO: processing EPUB file 9780472904815.epub
INFO: Using UMP EPUB s:/Information Management/Fulcrum/Fulcrum_Synced/UMP/9780472904815_Wang/9780472904815.epub for 9780472904815.epub
INFO: UMP EPUB s:/Information Management/Fulcrum/Fulcrum_Synced/UMP/9780472904815_Wang/9780472904815.epub archived 9780472904815_version2.epub.
INFO: UMP EPUB s:/Information Management/Fulcrum/Fulcrum_Synced/UMP/9780472904815_Wang/9780472904815.epub updated.
INFO: processing EPUB file 9780472904846.epub
INFO: Using UMP EPUB s:/Information Management/Fulcrum/Fulcrum_Synced/UMP/9780472904846_Manning/9780472904846.epub for 9780472904846.epub
INFO: UMP EPUB s:/Information Management/Fulcrum/Fulcrum_Synced/UMP/9780472904846_Manning/9780472904846.epub archived 9780472904846_version3.epub.
INFO: UMP EPUB s:/Information Management/Fulcrum/Fulcrum_Synced/UMP/9780472904846_Manning/9780472904846.epub updated.
INFO: processing EPUB file 9780472904853.epub
INFO: Using UMP EPUB s:/Information Management/Fulcrum/Fulcrum_Synced/UMP/9780472904853_Duncan/9780472904853.epub for 9780472904853.epub
INFO: UMP EPUB s:/Information Management/Fulcrum/Fulcrum_Synced/UMP/9780472904853_Duncan/9780472904853.epub archived 9780472904853_version2.epub.
INFO: UMP EPUB s:/Information Management/Fulcrum/Fulcrum_Synced/UMP/9780472904853_Duncan/9780472904853.epub updated.
INFO: processing EPUB file 9780472904860.epub
INFO: Using UMP EPUB s:/Information Management/Fulcrum/Fulcrum_Synced/UMP/9780472904860_Gonzalez/9780472904860.epub for 9780472904860.epub
INFO: UMP EPUB s:/Information Management/Fulcrum/Fulcrum_Synced/UMP/9780472904860_Gonzalez/9780472904860.epub archived 9780472904860_version3.epub.
INFO: UMP EPUB s:/Information Management/Fulcrum/Fulcrum_Synced/UMP/9780472904860_Gonzalez/9780472904860.epub updated.
INFO: processing EPUB file 9780472904877.epub
INFO: Using UMP EPUB s:/Information Management/Fulcrum/Fulcrum_Synced/UMP/9780472904877_Kim/9780472904877.epub for 9780472904877.epub
INFO: UMP EPUB s:/Information Management/Fulcrum/Fulcrum_Synced/UMP/9780472904877_Kim/9780472904877.epub archived 9780472904877_version2.epub.
INFO: UMP EPUB s:/Information Management/Fulcrum/Fulcrum_Synced/UMP/9780472904877_Kim/9780472904877.epub updated.
INFO: processing EPUB file 9780472904884.epub
INFO: Using UMP EPUB s:/Information Management/Fulcrum/Fulcrum_Synced/UMP/9780472904884_Lo/9780472904884.epub for 9780472904884.epub
INFO: UMP EPUB s:/Information Management/Fulcrum/Fulcrum_Synced/UMP/9780472904884_Lo/9780472904884.epub archived 9780472904884_version2.epub.
INFO: UMP EPUB s:/Information Management/Fulcrum/Fulcrum_Synced/UMP/9780472904884_Lo/9780472904884.epub updated.
INFO: processing EPUB file 9780472905690.epub
INFO: Using UMP EPUB s:/Information Management/Fulcrum/Fulcrum_Synced/UMP/9780472905690_Trevisan_Vaughan_Vromen/9780472905690.epub for 9780472905690.epub
INFO: UMP EPUB s:/Information Management/Fulcrum/Fulcrum_Synced/UMP/9780472905690_Trevisan_Vaughan_Vromen/9780472905690.epub archived 9780472905690_version2.epub.
INFO: UMP EPUB s:/Information Management/Fulcrum/Fulcrum_Synced/UMP/9780472905690_Trevisan_Vaughan_Vromen/9780472905690.epub updated.
